#
# There is insufficient memory for the Java Runtime Environment to continue.
# Native memory allocation (mmap) failed to map 266338304 bytes. Error detail: G1 virtual space
# Possible reasons:
#   The system is out of physical RAM or swap space
#   This process is running with CompressedOops enabled, and the Java Heap may be blocking the growth of the native heap
# Possible solutions:
#   Reduce memory load on the system
#   Increase physical memory or swap space
#   Check if swap backing store is full
#   Decrease Java heap size (-Xmx/-Xms)
#   Decrease number of Java threads
#   Decrease Java thread stack sizes (-Xss)
#   Set larger code cache with -XX:ReservedCodeCacheSize=
#   JVM is running with Zero Based Compressed Oops mode in which the Java heap is
#     placed in the first 32GB address space. The Java Heap base address is the
#     maximum limit for the native heap growth. Please use -XX:HeapBaseMinAddress
#     to set the Java Heap base and to place the Java Heap above 32GB virtual address.
# This output file may be truncated or incomplete.
#
#  Out of Memory Error (os_windows.cpp:3631), pid=17312, tid=20972
#
# JRE version:  (22.0.1+8) (build )
# Java VM: Java HotSpot(TM) 64-Bit Server VM (22.0.1+8-16, mixed mode, sharing, tiered, compressed oops, compressed class ptrs, g1 gc, windows-amd64)
# No core dump will be written. Minidumps are not enabled by default on client versions of Windows
#

---------------  S U M M A R Y ------------

Command Line: --module-path=D:\Important Downloads\javafx-sdk-22.0.1\lib --add-modules=javafx.controls,javafx.graphics,javafx.fxml -Dfile.encoding=UTF-8 -Dstdout.encoding=UTF-8 -Dstderr.encoding=UTF-8 --module-path=C:\Users\Hanzalah\.p2\pool\plugins\org.eclipse.fx.ide.css.jfx8_3.8.0.202204150904.jar;D:\Important Downloads\javafx-sdk-22.0.1\lib\javafx.base.jar;D:\Important Downloads\javafx-sdk-22.0.1\lib\javafx.controls.jar;D:\Important Downloads\javafx-sdk-22.0.1\lib\javafx.fxml.jar;D:\Important Downloads\javafx-sdk-22.0.1\lib\javafx.graphics.jar;D:\Important Downloads\javafx-sdk-22.0.1\lib\javafx.media.jar;D:\Important Downloads\javafx-sdk-22.0.1\lib\javafx.swing.jar;D:\Important Downloads\javafx-sdk-22.0.1\lib\javafx.web.jar;D:\Important Downloads\javafx-sdk-22.0.1\lib\javafx-swt.jar application.Main

Host: Intel(R) Core(TM) i5-8365U CPU @ 1.60GHz, 8 cores, 15G,  Windows 10 , 64 bit Build 19041 (10.0.19041.3636)
Time: Thu May 30 15:06:30 2024 Pakistan Standard Time elapsed time: 0.016853 seconds (0d 0h 0m 0s)

---------------  T H R E A D  ---------------

Current thread (0x00000253520bbd70):  JavaThread "Unknown thread" [_thread_in_vm, id=20972, stack(0x000000d32b300000,0x000000d32b400000) (1024K)]

Stack: [0x000000d32b300000,0x000000d32b400000]
Native frames: (J=compiled Java code, j=interpreted, Vv=VM code, C=native code)
V  [jvm.dll+0x6e2279]  (no source info available)
V  [jvm.dll+0x874e33]  (no source info available)
V  [jvm.dll+0x87725e]  (no source info available)
V  [jvm.dll+0x877933]  (no source info available)
V  [jvm.dll+0x27fd76]  (no source info available)
V  [jvm.dll+0x6de915]  (no source info available)
V  [jvm.dll+0x6d341a]  (no source info available)
V  [jvm.dll+0x3589da]  (no source info available)
V  [jvm.dll+0x360f06]  (no source info available)
V  [jvm.dll+0x3b3e2e]  (no source info available)
V  [jvm.dll+0x3b40d8]  (no source info available)
V  [jvm.dll+0x32c59c]  (no source info available)
V  [jvm.dll+0x32d158]  (no source info available)
V  [jvm.dll+0x83ccdc]  (no source info available)
V  [jvm.dll+0x3c0d71]  (no source info available)
V  [jvm.dll+0x825ccc]  (no source info available)
V  [jvm.dll+0x45b8fe]  (no source info available)
V  [jvm.dll+0x45d781]  (no source info available)
C  [jli.dll+0x52a3]  (no source info available)
C  [ucrtbase.dll+0x21bb2]  (no source info available)
C  [KERNEL32.DLL+0x17344]  (no source info available)
C  [ntdll.dll+0x526b1]  (no source info available)


---------------  P R O C E S S  ---------------

Threads class SMR info:
_java_thread_list=0x00007ffd9116b1c8, length=0, elements={
}

Java Threads: ( => current thread )
Total: 0

Other Threads:
  0x0000025354302a30 WorkerThread "GC Thread#0"                     [id=3984, stack(0x000000d32b400000,0x000000d32b500000) (1024K)]
  0x0000025354314c90 ConcurrentGCThread "G1 Main Marker"            [id=13272, stack(0x000000d32b500000,0x000000d32b600000) (1024K)]
  0x00000253543157a0 WorkerThread "G1 Conc#0"                       [id=13952, stack(0x000000d32b600000,0x000000d32b700000) (1024K)]

[error occurred during error reporting (printing all threads), id 0xc0000005, EXCEPTION_ACCESS_VIOLATION (0xc0000005) at pc=0x00007ffd908bf367]
VM state: not at safepoint (not fully initialized)

VM Mutex/Monitor currently owned by a thread:  ([mutex/lock_event])
[0x00007ffd911ebcb8] Heap_lock - owner thread: 0x00000253520bbd70

Heap address: 0x0000000702e00000, size: 4050 MB, Compressed Oops mode: Zero based, Oop shift amount: 3

CDS archive(s) mapped at: [0x0000000000000000-0x0000000000000000-0x0000000000000000), size 0, SharedBaseAddress: 0x0000000800000000, ArchiveRelocationMode: 1.
Narrow klass base: 0x0000000000000000, Narrow klass shift: 0, Narrow klass range: 0x0

GC Precious Log:
 CardTable entry size: 512
 Card Set container configuration: InlinePtr #cards 4 size 8 Array Of Cards #cards 16 size 48 Howl #buckets 8 coarsen threshold 3686 Howl Bitmap #cards 512 size 80 coarsen threshold 460 Card regions per heap region 1 cards per card region 4096

Heap:
 garbage-first heap   total reserved 4147200K, committed 0K, used 0K [0x0000000702e00000, 0x0000000800000000)
  region size 2048K, 0 young (0K), 0 survivors (0K)

[error occurred during error reporting (printing heap information), id 0xc0000005, EXCEPTION_ACCESS_VIOLATION (0xc0000005) at pc=0x00007ffd90cbe429]
GC Heap History (0 events):
No events

Dll operation events (1 events):
Event: 0.010 Loaded shared library C:\Program Files\Java\jdk-22\bin\java.dll

Deoptimization events (0 events):
No events

Classes loaded (0 events):
No events

Classes unloaded (0 events):
No events

Classes redefined (0 events):
No events

Internal exceptions (0 events):
No events

ZGC Phase Switch (0 events):
No events

VM Operations (0 events):
No events

Events (0 events):
No events


Dynamic libraries:
0x00007ff77b910000 - 0x00007ff77b920000 	C:\Program Files\Java\jdk-22\bin\javaw.exe
0x00007ffdd6830000 - 0x00007ffdd6a28000 	C:\Windows\SYSTEM32\ntdll.dll
0x00007ffdd4860000 - 0x00007ffdd491d000 	C:\Windows\System32\KERNEL32.DLL
0x00007ffdd43b0000 - 0x00007ffdd46a6000 	C:\Windows\System32\KERNELBASE.dll
0x00007ffdd4760000 - 0x00007ffdd4860000 	C:\Windows\System32\ucrtbase.dll
0x00007ffdc9bd0000 - 0x00007ffdc9beb000 	C:\Program Files\Java\jdk-22\bin\VCRUNTIME140.dll
0x00007ffdc9b30000 - 0x00007ffdc9b47000 	C:\Program Files\Java\jdk-22\bin\jli.dll
0x00007ffdd6080000 - 0x00007ffdd6130000 	C:\Windows\System32\ADVAPI32.dll
0x00007ffdd64e0000 - 0x00007ffdd657e000 	C:\Windows\System32\msvcrt.dll
0x00007ffdd6440000 - 0x00007ffdd64e0000 	C:\Windows\System32\sechost.dll
0x00007ffdd5820000 - 0x00007ffdd5943000 	C:\Windows\System32\RPCRT4.dll
0x00007ffdd3ee0000 - 0x00007ffdd3f07000 	C:\Windows\System32\bcrypt.dll
0x00007ffdd5ee0000 - 0x00007ffdd607f000 	C:\Windows\System32\USER32.dll
0x00007ffdd4180000 - 0x00007ffdd41a2000 	C:\Windows\System32\win32u.dll
0x00007ffdd5350000 - 0x00007ffdd537b000 	C:\Windows\System32\GDI32.dll
0x00007ffdaaf20000 - 0x00007ffdab1ba000 	C:\Windows\WinSxS\amd64_microsoft.windows.common-controls_6595b64144ccf1df_6.0.19041.4355_none_60b8b9eb71f62e16\COMCTL32.dll
0x00007ffdd3f10000 - 0x00007ffdd4027000 	C:\Windows\System32\gdi32full.dll
0x00007ffdd4310000 - 0x00007ffdd43ad000 	C:\Windows\System32\msvcp_win.dll
0x00007ffdc9950000 - 0x00007ffdc995a000 	C:\Windows\SYSTEM32\VERSION.dll
0x00007ffdd5750000 - 0x00007ffdd5782000 	C:\Windows\System32\IMM32.DLL
0x00007ffdcaf90000 - 0x00007ffdcaf9c000 	C:\Program Files\Java\jdk-22\bin\vcruntime140_1.dll
0x00007ffd99330000 - 0x00007ffd993be000 	C:\Program Files\Java\jdk-22\bin\msvcp140.dll
0x00007ffd90580000 - 0x00007ffd912c7000 	C:\Program Files\Java\jdk-22\bin\server\jvm.dll
0x00007ffdd6780000 - 0x00007ffdd67eb000 	C:\Windows\System32\WS2_32.dll
0x00007ffdd3d30000 - 0x00007ffdd3d7b000 	C:\Windows\SYSTEM32\POWRPROF.dll
0x00007ffdaf5e0000 - 0x00007ffdaf607000 	C:\Windows\SYSTEM32\WINMM.dll
0x00007ffdd3c60000 - 0x00007ffdd3c72000 	C:\Windows\SYSTEM32\UMPDC.dll
0x00007ffdd26f0000 - 0x00007ffdd2702000 	C:\Windows\SYSTEM32\kernel.appcore.dll
0x00007ffdcaf40000 - 0x00007ffdcaf4a000 	C:\Program Files\Java\jdk-22\bin\jimage.dll
0x00007ffdcec10000 - 0x00007ffdcedf4000 	C:\Windows\SYSTEM32\DBGHELP.DLL
0x00007ffdc7360000 - 0x00007ffdc7394000 	C:\Windows\SYSTEM32\dbgcore.DLL
0x00007ffdd4030000 - 0x00007ffdd40b2000 	C:\Windows\System32\bcryptPrimitives.dll
0x00007ffdc8540000 - 0x00007ffdc855e000 	C:\Program Files\Java\jdk-22\bin\java.dll
0x00007ffdd4920000 - 0x00007ffdd508b000 	C:\Windows\System32\SHELL32.dll
0x00007ffdd5170000 - 0x00007ffdd529b000 	C:\Windows\System32\ole32.dll
0x00007ffdd5380000 - 0x00007ffdd56d3000 	C:\Windows\System32\combase.dll

dbghelp: loaded successfully - version: 4.0.5 - missing functions: none
symbol engine: initialized successfully - sym options: 0x614 - pdb path: .;C:\Program Files\Java\jdk-22\bin;C:\Windows\SYSTEM32;C:\Windows\WinSxS\amd64_microsoft.windows.common-controls_6595b64144ccf1df_6.0.19041.4355_none_60b8b9eb71f62e16;C:\Program Files\Java\jdk-22\bin\server

VM Arguments:
jvm_args: --module-path=D:\Important Downloads\javafx-sdk-22.0.1\lib --add-modules=javafx.controls,javafx.graphics,javafx.fxml -Dfile.encoding=UTF-8 -Dstdout.encoding=UTF-8 -Dstderr.encoding=UTF-8 --module-path=C:\Users\Hanzalah\.p2\pool\plugins\org.eclipse.fx.ide.css.jfx8_3.8.0.202204150904.jar;D:\Important Downloads\javafx-sdk-22.0.1\lib\javafx.base.jar;D:\Important Downloads\javafx-sdk-22.0.1\lib\javafx.controls.jar;D:\Important Downloads\javafx-sdk-22.0.1\lib\javafx.fxml.jar;D:\Important Downloads\javafx-sdk-22.0.1\lib\javafx.graphics.jar;D:\Important Downloads\javafx-sdk-22.0.1\lib\javafx.media.jar;D:\Important Downloads\javafx-sdk-22.0.1\lib\javafx.swing.jar;D:\Important Downloads\javafx-sdk-22.0.1\lib\javafx.web.jar;D:\Important Downloads\javafx-sdk-22.0.1\lib\javafx-swt.jar 
java_command: application.Main
java_class_path (initial): C:\Users\Hanzalah\eclipse-workspace\javafx\bin
Launcher Type: SUN_STANDARD

[Global flags]
     intx CICompilerCount                          = 4                                         {product} {ergonomic}
     uint ConcGCThreads                            = 2                                         {product} {ergonomic}
     uint G1ConcRefinementThreads                  = 8                                         {product} {ergonomic}
   size_t G1HeapRegionSize                         = 2097152                                   {product} {ergonomic}
   size_t InitialHeapSize                          = 266338304                                 {product} {ergonomic}
   size_t MarkStackSize                            = 4194304                                   {product} {ergonomic}
   size_t MaxHeapSize                              = 4246732800                                {product} {ergonomic}
   size_t MinHeapDeltaBytes                        = 2097152                                   {product} {ergonomic}
   size_t MinHeapSize                              = 8388608                                   {product} {ergonomic}
    uintx NonNMethodCodeHeapSize                   = 5839372                                {pd product} {ergonomic}
    uintx NonProfiledCodeHeapSize                  = 122909434                              {pd product} {ergonomic}
    uintx ProfiledCodeHeapSize                     = 122909434                              {pd product} {ergonomic}
    uintx ReservedCodeCacheSize                    = 251658240                              {pd product} {ergonomic}
     bool SegmentedCodeCache                       = true                                      {product} {ergonomic}
   size_t SoftMaxHeapSize                          = 4246732800                             {manageable} {ergonomic}
     bool UseCompressedOops                        = true                           {product lp64_product} {ergonomic}
     bool UseG1GC                                  = true                                      {product} {ergonomic}
     bool UseLargePagesIndividualAllocation        = false                                  {pd product} {ergonomic}

Logging:
Log output configuration:
 #0: stdout all=warning uptime,level,tags foldmultilines=false
 #1: stderr all=off uptime,level,tags foldmultilines=false

Environment Variables:
PATH=C:\Program Files\Common Files\Oracle\Java\javapath;C:\Program Files (x86)\Common Files\Oracle\Java\java8path;C:\Program Files (x86)\Common Files\Oracle\Java\javapath;C:\Windows\system32;C:\Windows;C:\Windows\System32\Wbem;C:\Windows\System32\WindowsPowerShell\v1.0\;C:\Windows\System32\OpenSSH\;C:\Program Files\Microsoft SQL Server\150\Tools\Binn\;C:\Program Files\Microsoft SQL Server\Client SDK\ODBC\170\Tools\Binn\;C:\Program Files\dotnet\;C:\Program Files (x86)\Microsoft SQL Server\160\DTS\Binn\;C:\Program Files (x86)\Microsoft SQL Server\160\Tools\Binn\;C:\Program Files\Microsoft SQL Server\160\Tools\Binn\;C:\Program Files\Microsoft SQL Server\160\DTS\Binn\;D:\Apache-NetBeans\NetBeans-21\netbeans\bin;D:\apache-maven-3.9.7\bin;C:\Program Files\MySQL\MySQL Shell 8.0\bin\;C:\Users\Hanzalah\AppData\Local\Microsoft\WindowsApps;C:\Users\Hanzalah\.dotnet\tools;C:\Users\Hanzalah\AppData\Local\Programs\Microsoft VS Code\bin;C:\MinGW\bin;
USERNAME=Hanzalah
OS=Windows_NT
PROCESSOR_IDENTIFIER=Intel64 Family 6 Model 142 Stepping 12, GenuineIntel
TMP=C:\Users\Hanzalah\AppData\Local\Temp
TEMP=C:\Users\Hanzalah\AppData\Local\Temp




Periodic native trim disabled

---------------  S Y S T E M  ---------------

OS:
 Windows 10 , 64 bit Build 19041 (10.0.19041.3636)
OS uptime: 5 days 1:40 hours

CPU: total 8 (initial active 8) (4 cores per cpu, 2 threads per core) family 6 model 142 stepping 12 microcode 0xc6, cx8, cmov, fxsr, ht, mmx, 3dnowpref, sse, sse2, sse3, ssse3, sse4.1, sse4.2, popcnt, lzcnt, tsc, tscinvbit, avx, avx2, aes, erms, clmul, bmi1, bmi2, adx, fma, vzeroupper, clflush, clflushopt, rdtscp, f16c
Processor Information for processor 0
  Max Mhz: 1896, Current Mhz: 1496, Mhz Limit: 1592
Processor Information for processor 1
  Max Mhz: 1896, Current Mhz: 1496, Mhz Limit: 1592
Processor Information for processor 2
  Max Mhz: 1896, Current Mhz: 1496, Mhz Limit: 1592
Processor Information for processor 3
  Max Mhz: 1896, Current Mhz: 1596, Mhz Limit: 1592
Processor Information for processor 4
  Max Mhz: 1896, Current Mhz: 1596, Mhz Limit: 1592
Processor Information for processor 5
  Max Mhz: 1896, Current Mhz: 1496, Mhz Limit: 1592
Processor Information for processor 6
  Max Mhz: 1896, Current Mhz: 1596, Mhz Limit: 1592
Processor Information for processor 7
  Max Mhz: 1896, Current Mhz: 1496, Mhz Limit: 1592

Memory: 4k page, system-wide physical 16198M (2575M free)
TotalPageFile size 26661M (AvailPageFile size 192M)
current process WorkingSet (physical memory assigned to process): 11M, peak: 11M
current process commit charge ("private bytes"): 60M, peak: 314M

vm_info: Java HotSpot(TM) 64-Bit Server VM (22.0.1+8-16) for windows-amd64 JRE (22.0.1+8-16), built on 2024-03-12T10:33:16Z by "mach5one" with MS VC++ 17.6 (VS2022)

END.
